Using pre-set license
Built from '2020.3/release' branch; Version is '2020.3.12f1 (b3b2c6512326) revision 11776710'; Using compiler version '192528614'; Build Type 'Release'
OS: 'Windows 10 Pro; OS build 19042.1052; Version 2009; 64bit' Language: 'en' Physical Memory: 4001 MB
BatchMode: 1, IsHumanControllingUs: 0, StartBugReporterOnCrash: 0, Is64bit: 1, IsPro: 0

 COMMAND LINE ARGUMENTS:
C:\Program Files\Unity\Hub\Editor\2020.3.12f1\Editor\Unity.exe
-adb2
-batchMode
-noUpm
-name
AssetImportWorker16
-projectPath
C:/Users/Rogya/Desktop/Unity Projects/Save The Bunny
-logFile
Logs/AssetImportWorker16.log
-srvPort
52314
Successfully changed project path to: C:/Users/Rogya/Desktop/Unity Projects/Save The Bunny
C:/Users/Rogya/Desktop/Unity Projects/Save The Bunny
Using Asset Import Pipeline V2.
